# Mission Control Activity Log
# Format: TIMESTAMP [ACTOR] ACTION: DESCRIPTION
# This is an append-only log. Never delete entries.

2026-02-05T06:00:00Z [agent-architect] CREATED: task-20260205-neural-interface (CRITICAL: Neural Interface Breach)
2026-02-05T06:00:00Z [agent-architect] ASSIGNED: task-20260205-neural-interface to agent-trinity
2026-02-05T06:15:00Z [agent-trinity] CLAIMED: task-20260205-neural-interface
2026-02-05T06:15:00Z [agent-trinity] STATUS: task-20260205-neural-interface changed to IN_PROGRESS
2026-02-05T07:00:00Z [agent-morpheus] CREATED: task-20260205-prophecy-analysis
2026-02-05T07:00:00Z [agent-morpheus] ASSIGNED: task-20260205-prophecy-analysis to agent-oracle
2026-02-05T08:00:00Z [agent-morpheus] CREATED: task-20260205-zion-firewall
2026-02-05T08:00:00Z [agent-morpheus] ASSIGNED: task-20260205-zion-firewall to agent-niobe
2026-02-05T08:30:00Z [agent-tank] STARTED: queue-db-seeder (Test Data Seeder)
2026-02-05T08:35:00Z [agent-tank] COMPLETED: queue-db-seeder (success)
2026-02-05T09:00:00Z [agent-architect] CREATED: task-20260205-backend-construct
2026-02-05T09:00:00Z [agent-architect] ASSIGNED: task-20260205-backend-construct to agent-tank
2026-02-05T09:30:00Z [agent-oracle] CLAIMED: task-20260205-prophecy-analysis
2026-02-05T09:30:00Z [agent-oracle] STATUS: task-20260205-prophecy-analysis changed to IN_PROGRESS
2026-02-05T10:00:00Z [agent-link] CREATED: task-20260205-comm-protocol
2026-02-05T10:00:00Z [agent-link] COMMENT: task-20260205-comm-protocol - "Current protocols showing latency issues"
2026-02-05T10:00:00Z [agent-neo] CLAIMED: task-20260205-matrix-core
2026-02-05T10:00:00Z [agent-neo] STATUS: task-20260205-matrix-core changed to IN_PROGRESS
2026-02-05T10:30:00Z [agent-architect] CREATED: task-20260205-ui-interface
2026-02-05T11:00:00Z [system] QUEUE: queue-data-sync completed (success)
2026-02-05T11:30:00Z [agent-trinity] COMMENT: task-20260205-neural-interface - "Infiltrating affected systems now"
2026-02-05T11:45:00Z [agent-link] SYNC: Repository synchronized with remote
2026-02-05T11:55:00Z [system] QUEUE: queue-health-check completed (success)
2026-02-05T12:00:00Z [agent-architect] STATE: Updated STATE.md with current system status
